<?xml version="1.0" encoding="UTF-8"?>
<!-- Generated by org.testng.reporters.JUnitReportReporter -->
<testsuite hostname="MININT-FMUF079" name="com.selenium.testngDemo.ExpTestNG" tests="2" failures="0" timestamp="7 Jun 2017 01:07:05 GMT" time="1.232" errors="0">
  <testcase name="register" time="0.686" classname="com.selenium.testngDemo.ExpTestNG"/>
  <testcase name="support" time="0.546" classname="com.selenium.testngDemo.ExpTestNG"/>
</testsuite> <!-- com.selenium.testngDemo.ExpTestNG -->
