<?xml version="1.0" encoding="UTF-8"?>
<!-- Generated by org.testng.reporters.JUnitReportReporter -->
<testsuite hostname="MININT-FMUF079" name="com.selenium.testngDemo.TestNGAnnotationExp" tests="1" failures="0" timestamp="7 Jun 2017 01:17:56 GMT" time="2.193" errors="0">
  <testcase name="register" time="2.193" classname="com.selenium.testngDemo.TestNGAnnotationExp"/>
</testsuite> <!-- com.selenium.testngDemo.TestNGAnnotationExp -->
